CRITICAL - 2023-01-31 16:42:44 --> The framework needs the following extension(s) installed and loaded: intl.
in SYSTEMPATH\CodeIgniter.php on line 222.
 1 SYSTEMPATH\CodeIgniter.php(222): CodeIgniter\Exceptions\FrameworkException::forMissingExtension('intl')
 2 SYSTEMPATH\CodeIgniter.php(182): CodeIgniter\CodeIgniter->resolvePlatformExtensions()
 3 FCPATH\index.php(55): CodeIgniter\CodeIgniter->initialize()
CRITICAL - 2023-01-31 16:42:48 --> The framework needs the following extension(s) installed and loaded: intl.
in SYSTEMPATH\CodeIgniter.php on line 222.
 1 SYSTEMPATH\CodeIgniter.php(222): CodeIgniter\Exceptions\FrameworkException::forMissingExtension('intl')
 2 SYSTEMPATH\CodeIgniter.php(182): CodeIgniter\CodeIgniter->resolvePlatformExtensions()
 3 FCPATH\index.php(55): CodeIgniter\CodeIgniter->initialize()
CRITICAL - 2023-01-31 16:44:02 --> The framework needs the following extension(s) installed and loaded: intl.
in SYSTEMPATH\CodeIgniter.php on line 222.
 1 SYSTEMPATH\CodeIgniter.php(222): CodeIgniter\Exceptions\FrameworkException::forMissingExtension('intl')
 2 SYSTEMPATH\CodeIgniter.php(182): CodeIgniter\CodeIgniter->resolvePlatformExtensions()
 3 FCPATH\index.php(55): CodeIgniter\CodeIgniter->initialize()
CRITICAL - 2023-01-31 16:44:48 --> The framework needs the following extension(s) installed and loaded: intl.
in SYSTEMPATH\CodeIgniter.php on line 222.
 1 SYSTEMPATH\CodeIgniter.php(222): CodeIgniter\Exceptions\FrameworkException::forMissingExtension('intl')
 2 SYSTEMPATH\CodeIgniter.php(182): CodeIgniter\CodeIgniter->resolvePlatformExtensions()
 3 FCPATH\index.php(55): CodeIgniter\CodeIgniter->initialize()
CRITICAL - 2023-01-31 16:44:58 --> The framework needs the following extension(s) installed and loaded: intl.
in SYSTEMPATH\CodeIgniter.php on line 222.
 1 SYSTEMPATH\CodeIgniter.php(222): CodeIgniter\Exceptions\FrameworkException::forMissingExtension('intl')
 2 SYSTEMPATH\CodeIgniter.php(182): CodeIgniter\CodeIgniter->resolvePlatformExtensions()
 3 FCPATH\index.php(55): CodeIgniter\CodeIgniter->initialize()
CRITICAL - 2023-01-31 16:45:06 --> The framework needs the following extension(s) installed and loaded: intl.
in SYSTEMPATH\CodeIgniter.php on line 222.
 1 SYSTEMPATH\CodeIgniter.php(222): CodeIgniter\Exceptions\FrameworkException::forMissingExtension('intl')
 2 SYSTEMPATH\CodeIgniter.php(182): CodeIgniter\CodeIgniter->resolvePlatformExtensions()
 3 FCPATH\index.php(55): CodeIgniter\CodeIgniter->initialize()
CRITICAL - 2023-01-31 16:45:59 --> The framework needs the following extension(s) installed and loaded: intl.
in SYSTEMPATH\CodeIgniter.php on line 222.
 1 SYSTEMPATH\CodeIgniter.php(222): CodeIgniter\Exceptions\FrameworkException::forMissingExtension('intl')
 2 SYSTEMPATH\CodeIgniter.php(182): CodeIgniter\CodeIgniter->resolvePlatformExtensions()
 3 FCPATH\index.php(55): CodeIgniter\CodeIgniter->initialize()
CRITICAL - 2023-01-31 16:46:00 --> The framework needs the following extension(s) installed and loaded: intl.
in SYSTEMPATH\CodeIgniter.php on line 222.
 1 SYSTEMPATH\CodeIgniter.php(222): CodeIgniter\Exceptions\FrameworkException::forMissingExtension('intl')
 2 SYSTEMPATH\CodeIgniter.php(182): CodeIgniter\CodeIgniter->resolvePlatformExtensions()
 3 FCPATH\index.php(55): CodeIgniter\CodeIgniter->initialize()
CRITICAL - 2023-01-31 16:46:39 --> The framework needs the following extension(s) installed and loaded: intl.
in SYSTEMPATH\CodeIgniter.php on line 222.
 1 SYSTEMPATH\CodeIgniter.php(222): CodeIgniter\Exceptions\FrameworkException::forMissingExtension('intl')
 2 SYSTEMPATH\CodeIgniter.php(182): CodeIgniter\CodeIgniter->resolvePlatformExtensions()
 3 FCPATH\index.php(55): CodeIgniter\CodeIgniter->initialize()
CRITICAL - 2023-01-31 16:46:40 --> The framework needs the following extension(s) installed and loaded: intl.
in SYSTEMPATH\CodeIgniter.php on line 222.
 1 SYSTEMPATH\CodeIgniter.php(222): CodeIgniter\Exceptions\FrameworkException::forMissingExtension('intl')
 2 SYSTEMPATH\CodeIgniter.php(182): CodeIgniter\CodeIgniter->resolvePlatformExtensions()
 3 FCPATH\index.php(55): CodeIgniter\CodeIgniter->initialize()
CRITICAL - 2023-01-31 16:46:43 --> The framework needs the following extension(s) installed and loaded: intl.
in SYSTEMPATH\CodeIgniter.php on line 222.
 1 SYSTEMPATH\CodeIgniter.php(222): CodeIgniter\Exceptions\FrameworkException::forMissingExtension('intl')
 2 SYSTEMPATH\CodeIgniter.php(182): CodeIgniter\CodeIgniter->resolvePlatformExtensions()
 3 FCPATH\index.php(55): CodeIgniter\CodeIgniter->initialize()
CRITICAL - 2023-01-31 16:52:13 --> The framework needs the following extension(s) installed and loaded: intl.
in SYSTEMPATH\CodeIgniter.php on line 222.
 1 SYSTEMPATH\CodeIgniter.php(222): CodeIgniter\Exceptions\FrameworkException::forMissingExtension('intl')
 2 SYSTEMPATH\CodeIgniter.php(182): CodeIgniter\CodeIgniter->resolvePlatformExtensions()
 3 FCPATH\index.php(55): CodeIgniter\CodeIgniter->initialize()
CRITICAL - 2023-01-31 16:52:14 --> The framework needs the following extension(s) installed and loaded: intl.
in SYSTEMPATH\CodeIgniter.php on line 222.
 1 SYSTEMPATH\CodeIgniter.php(222): CodeIgniter\Exceptions\FrameworkException::forMissingExtension('intl')
 2 SYSTEMPATH\CodeIgniter.php(182): CodeIgniter\CodeIgniter->resolvePlatformExtensions()
 3 FCPATH\index.php(55): CodeIgniter\CodeIgniter->initialize()
CRITICAL - 2023-01-31 17:09:35 --> The framework needs the following extension(s) installed and loaded: intl.
in SYSTEMPATH\CodeIgniter.php on line 222.
 1 SYSTEMPATH\CodeIgniter.php(222): CodeIgniter\Exceptions\FrameworkException::forMissingExtension('intl')
 2 SYSTEMPATH\CodeIgniter.php(182): CodeIgniter\CodeIgniter->resolvePlatformExtensions()
 3 FCPATH\index.php(55): CodeIgniter\CodeIgniter->initialize()
ERROR - 2023-01-31 10:12:03 --> Error connecting to the database: mysqli_sql_exception: Unknown database 'db_masjid' in C:\xampp\htdocs\uasweb\system\Database\MySQLi\Connection.php:171
Stack trace:
#0 C:\xampp\htdocs\uasweb\system\Database\MySQLi\Connection.php(171): mysqli->real_connect('localhost', 'root', '', 'db_masjid', 3306, '', 0)
#1 C:\xampp\htdocs\uasweb\system\Database\BaseConnection.php(382): CodeIgniter\Database\MySQLi\Connection->connect(false)
#2 C:\xampp\htdocs\uasweb\system\Database\BaseConnection.php(561): CodeIgniter\Database\BaseConnection->initialize()
#3 C:\xampp\htdocs\uasweb\system\Database\BaseBuilder.php(1585): CodeIgniter\Database\BaseConnection->query('SELECT *\nFROM `...', Array, false)
#4 C:\xampp\htdocs\uasweb\system\Model.php(267): CodeIgniter\Database\BaseBuilder->get()
#5 C:\xampp\htdocs\uasweb\system\BaseModel.php(624): CodeIgniter\Model->doFirst()
#6 C:\xampp\htdocs\uasweb\app\Models\User_model.php(20): CodeIgniter\BaseModel->first()
#7 C:\xampp\htdocs\uasweb\app\Controllers\Home.php(25): App\Models\User_model->login('user', 'ee11cbb19052e40...')
#8 C:\xampp\htdocs\uasweb\system\CodeIgniter.php(925): App\Controllers\Home->login()
#9 C:\xampp\htdocs\uasweb\system\CodeIgniter.php(480): CodeIgniter\CodeIgniter->runController(Object(App\Controllers\Home))
#10 C:\xampp\htdocs\uasweb\system\CodeIgniter.php(349): CodeIgniter\CodeIgniter->handleRequest(NULL, Object(Config\Cache), false)
#11 C:\xampp\htdocs\uasweb\index.php(67): CodeIgniter\CodeIgniter->run()
#12 {main}

Next CodeIgniter\Database\Exceptions\DatabaseException: Unknown database 'db_masjid' in C:\xampp\htdocs\uasweb\system\Database\MySQLi\Connection.php:215
Stack trace:
#0 C:\xampp\htdocs\uasweb\system\Database\BaseConnection.php(382): CodeIgniter\Database\MySQLi\Connection->connect(false)
#1 C:\xampp\htdocs\uasweb\system\Database\BaseConnection.php(561): CodeIgniter\Database\BaseConnection->initialize()
#2 C:\xampp\htdocs\uasweb\system\Database\BaseBuilder.php(1585): CodeIgniter\Database\BaseConnection->query('SELECT *\nFROM `...', Array, false)
#3 C:\xampp\htdocs\uasweb\system\Model.php(267): CodeIgniter\Database\BaseBuilder->get()
#4 C:\xampp\htdocs\uasweb\system\BaseModel.php(624): CodeIgniter\Model->doFirst()
#5 C:\xampp\htdocs\uasweb\app\Models\User_model.php(20): CodeIgniter\BaseModel->first()
#6 C:\xampp\htdocs\uasweb\app\Controllers\Home.php(25): App\Models\User_model->login('user', 'ee11cbb19052e40...')
#7 C:\xampp\htdocs\uasweb\system\CodeIgniter.php(925): App\Controllers\Home->login()
#8 C:\xampp\htdocs\uasweb\system\CodeIgniter.php(480): CodeIgniter\CodeIgniter->runController(Object(App\Controllers\Home))
#9 C:\xampp\htdocs\uasweb\system\CodeIgniter.php(349): CodeIgniter\CodeIgniter->handleRequest(NULL, Object(Config\Cache), false)
#10 C:\xampp\htdocs\uasweb\index.php(67): CodeIgniter\CodeIgniter->run()
#11 {main}
CRITICAL - 2023-01-31 10:12:03 --> Unable to connect to the database.
Main connection [MySQLi]: Unknown database 'db_masjid'
in SYSTEMPATH\Database\BaseConnection.php on line 418.
 1 SYSTEMPATH\Database\BaseConnection.php(561): CodeIgniter\Database\BaseConnection->initialize()
 2 SYSTEMPATH\Database\BaseBuilder.php(1585): CodeIgniter\Database\BaseConnection->query('SELECT *
FROM `tab_user`
WHERE `username` = :username:
AND `password` = :password:
 LIMIT 1', [...], false)
 3 SYSTEMPATH\Model.php(267): CodeIgniter\Database\BaseBuilder->get()
 4 SYSTEMPATH\BaseModel.php(624): CodeIgniter\Model->doFirst()
 5 APPPATH\Models\User_model.php(20): CodeIgniter\BaseModel->first()
 6 APPPATH\Controllers\Home.php(25): App\Models\User_model->login('user', 'ee11cbb19052e40b07aac0ca060c23ee')
 7 SYSTEMPATH\CodeIgniter.php(925): App\Controllers\Home->login()
 8 SYSTEMPATH\CodeIgniter.php(480): CodeIgniter\CodeIgniter->runController(Object(App\Controllers\Home))
 9 SYSTEMPATH\CodeIgniter.php(349): CodeIgniter\CodeIgniter->handleRequest(null, Object(Config\Cache), false)
10 FCPATH\index.php(67): CodeIgniter\CodeIgniter->run()
ERROR - 2023-01-31 10:21:17 --> Error connecting to the database: mysqli_sql_exception: Unknown database 'db_masjid' in C:\xampp\htdocs\uasweb\system\Database\MySQLi\Connection.php:171
Stack trace:
#0 C:\xampp\htdocs\uasweb\system\Database\MySQLi\Connection.php(171): mysqli->real_connect('localhost', 'root', '', 'db_masjid', 3306, '', 0)
#1 C:\xampp\htdocs\uasweb\system\Database\BaseConnection.php(382): CodeIgniter\Database\MySQLi\Connection->connect(false)
#2 C:\xampp\htdocs\uasweb\system\Database\BaseConnection.php(561): CodeIgniter\Database\BaseConnection->initialize()
#3 C:\xampp\htdocs\uasweb\system\Database\BaseBuilder.php(1585): CodeIgniter\Database\BaseConnection->query('SELECT *\nFROM `...', Array, false)
#4 C:\xampp\htdocs\uasweb\system\Model.php(267): CodeIgniter\Database\BaseBuilder->get()
#5 C:\xampp\htdocs\uasweb\system\BaseModel.php(624): CodeIgniter\Model->doFirst()
#6 C:\xampp\htdocs\uasweb\app\Models\User_model.php(20): CodeIgniter\BaseModel->first()
#7 C:\xampp\htdocs\uasweb\app\Controllers\Home.php(25): App\Models\User_model->login('admin', '21232f297a57a5a...')
#8 C:\xampp\htdocs\uasweb\system\CodeIgniter.php(925): App\Controllers\Home->login()
#9 C:\xampp\htdocs\uasweb\system\CodeIgniter.php(480): CodeIgniter\CodeIgniter->runController(Object(App\Controllers\Home))
#10 C:\xampp\htdocs\uasweb\system\CodeIgniter.php(349): CodeIgniter\CodeIgniter->handleRequest(NULL, Object(Config\Cache), false)
#11 C:\xampp\htdocs\uasweb\index.php(67): CodeIgniter\CodeIgniter->run()
#12 {main}

Next CodeIgniter\Database\Exceptions\DatabaseException: Unknown database 'db_masjid' in C:\xampp\htdocs\uasweb\system\Database\MySQLi\Connection.php:215
Stack trace:
#0 C:\xampp\htdocs\uasweb\system\Database\BaseConnection.php(382): CodeIgniter\Database\MySQLi\Connection->connect(false)
#1 C:\xampp\htdocs\uasweb\system\Database\BaseConnection.php(561): CodeIgniter\Database\BaseConnection->initialize()
#2 C:\xampp\htdocs\uasweb\system\Database\BaseBuilder.php(1585): CodeIgniter\Database\BaseConnection->query('SELECT *\nFROM `...', Array, false)
#3 C:\xampp\htdocs\uasweb\system\Model.php(267): CodeIgniter\Database\BaseBuilder->get()
#4 C:\xampp\htdocs\uasweb\system\BaseModel.php(624): CodeIgniter\Model->doFirst()
#5 C:\xampp\htdocs\uasweb\app\Models\User_model.php(20): CodeIgniter\BaseModel->first()
#6 C:\xampp\htdocs\uasweb\app\Controllers\Home.php(25): App\Models\User_model->login('admin', '21232f297a57a5a...')
#7 C:\xampp\htdocs\uasweb\system\CodeIgniter.php(925): App\Controllers\Home->login()
#8 C:\xampp\htdocs\uasweb\system\CodeIgniter.php(480): CodeIgniter\CodeIgniter->runController(Object(App\Controllers\Home))
#9 C:\xampp\htdocs\uasweb\system\CodeIgniter.php(349): CodeIgniter\CodeIgniter->handleRequest(NULL, Object(Config\Cache), false)
#10 C:\xampp\htdocs\uasweb\index.php(67): CodeIgniter\CodeIgniter->run()
#11 {main}
CRITICAL - 2023-01-31 10:21:17 --> Unable to connect to the database.
Main connection [MySQLi]: Unknown database 'db_masjid'
in SYSTEMPATH\Database\BaseConnection.php on line 418.
 1 SYSTEMPATH\Database\BaseConnection.php(561): CodeIgniter\Database\BaseConnection->initialize()
 2 SYSTEMPATH\Database\BaseBuilder.php(1585): CodeIgniter\Database\BaseConnection->query('SELECT *
FROM `tab_user`
WHERE `username` = :username:
AND `password` = :password:
 LIMIT 1', [...], false)
 3 SYSTEMPATH\Model.php(267): CodeIgniter\Database\BaseBuilder->get()
 4 SYSTEMPATH\BaseModel.php(624): CodeIgniter\Model->doFirst()
 5 APPPATH\Models\User_model.php(20): CodeIgniter\BaseModel->first()
 6 APPPATH\Controllers\Home.php(25): App\Models\User_model->login('admin', '21232f297a57a5a743894a0e4a801fc3')
 7 SYSTEMPATH\CodeIgniter.php(925): App\Controllers\Home->login()
 8 SYSTEMPATH\CodeIgniter.php(480): CodeIgniter\CodeIgniter->runController(Object(App\Controllers\Home))
 9 SYSTEMPATH\CodeIgniter.php(349): CodeIgniter\CodeIgniter->handleRequest(null, Object(Config\Cache), false)
10 FCPATH\index.php(67): CodeIgniter\CodeIgniter->run()
ERROR - 2023-01-31 10:21:22 --> Error connecting to the database: mysqli_sql_exception: Unknown database 'db_masjid' in C:\xampp\htdocs\uasweb\system\Database\MySQLi\Connection.php:171
Stack trace:
#0 C:\xampp\htdocs\uasweb\system\Database\MySQLi\Connection.php(171): mysqli->real_connect('localhost', 'root', '', 'db_masjid', 3306, '', 0)
#1 C:\xampp\htdocs\uasweb\system\Database\BaseConnection.php(382): CodeIgniter\Database\MySQLi\Connection->connect(false)
#2 C:\xampp\htdocs\uasweb\system\Database\BaseConnection.php(561): CodeIgniter\Database\BaseConnection->initialize()
#3 C:\xampp\htdocs\uasweb\system\Database\BaseBuilder.php(1585): CodeIgniter\Database\BaseConnection->query('SELECT *\nFROM `...', Array, false)
#4 C:\xampp\htdocs\uasweb\system\Model.php(267): CodeIgniter\Database\BaseBuilder->get()
#5 C:\xampp\htdocs\uasweb\system\BaseModel.php(624): CodeIgniter\Model->doFirst()
#6 C:\xampp\htdocs\uasweb\app\Models\User_model.php(20): CodeIgniter\BaseModel->first()
#7 C:\xampp\htdocs\uasweb\app\Controllers\Home.php(25): App\Models\User_model->login('admin', '21232f297a57a5a...')
#8 C:\xampp\htdocs\uasweb\system\CodeIgniter.php(925): App\Controllers\Home->login()
#9 C:\xampp\htdocs\uasweb\system\CodeIgniter.php(480): CodeIgniter\CodeIgniter->runController(Object(App\Controllers\Home))
#10 C:\xampp\htdocs\uasweb\system\CodeIgniter.php(349): CodeIgniter\CodeIgniter->handleRequest(NULL, Object(Config\Cache), false)
#11 C:\xampp\htdocs\uasweb\index.php(67): CodeIgniter\CodeIgniter->run()
#12 {main}

Next CodeIgniter\Database\Exceptions\DatabaseException: Unknown database 'db_masjid' in C:\xampp\htdocs\uasweb\system\Database\MySQLi\Connection.php:215
Stack trace:
#0 C:\xampp\htdocs\uasweb\system\Database\BaseConnection.php(382): CodeIgniter\Database\MySQLi\Connection->connect(false)
#1 C:\xampp\htdocs\uasweb\system\Database\BaseConnection.php(561): CodeIgniter\Database\BaseConnection->initialize()
#2 C:\xampp\htdocs\uasweb\system\Database\BaseBuilder.php(1585): CodeIgniter\Database\BaseConnection->query('SELECT *\nFROM `...', Array, false)
#3 C:\xampp\htdocs\uasweb\system\Model.php(267): CodeIgniter\Database\BaseBuilder->get()
#4 C:\xampp\htdocs\uasweb\system\BaseModel.php(624): CodeIgniter\Model->doFirst()
#5 C:\xampp\htdocs\uasweb\app\Models\User_model.php(20): CodeIgniter\BaseModel->first()
#6 C:\xampp\htdocs\uasweb\app\Controllers\Home.php(25): App\Models\User_model->login('admin', '21232f297a57a5a...')
#7 C:\xampp\htdocs\uasweb\system\CodeIgniter.php(925): App\Controllers\Home->login()
#8 C:\xampp\htdocs\uasweb\system\CodeIgniter.php(480): CodeIgniter\CodeIgniter->runController(Object(App\Controllers\Home))
#9 C:\xampp\htdocs\uasweb\system\CodeIgniter.php(349): CodeIgniter\CodeIgniter->handleRequest(NULL, Object(Config\Cache), false)
#10 C:\xampp\htdocs\uasweb\index.php(67): CodeIgniter\CodeIgniter->run()
#11 {main}
CRITICAL - 2023-01-31 10:21:22 --> Unable to connect to the database.
Main connection [MySQLi]: Unknown database 'db_masjid'
in SYSTEMPATH\Database\BaseConnection.php on line 418.
 1 SYSTEMPATH\Database\BaseConnection.php(561): CodeIgniter\Database\BaseConnection->initialize()
 2 SYSTEMPATH\Database\BaseBuilder.php(1585): CodeIgniter\Database\BaseConnection->query('SELECT *
FROM `tab_user`
WHERE `username` = :username:
AND `password` = :password:
 LIMIT 1', [...], false)
 3 SYSTEMPATH\Model.php(267): CodeIgniter\Database\BaseBuilder->get()
 4 SYSTEMPATH\BaseModel.php(624): CodeIgniter\Model->doFirst()
 5 APPPATH\Models\User_model.php(20): CodeIgniter\BaseModel->first()
 6 APPPATH\Controllers\Home.php(25): App\Models\User_model->login('admin', '21232f297a57a5a743894a0e4a801fc3')
 7 SYSTEMPATH\CodeIgniter.php(925): App\Controllers\Home->login()
 8 SYSTEMPATH\CodeIgniter.php(480): CodeIgniter\CodeIgniter->runController(Object(App\Controllers\Home))
 9 SYSTEMPATH\CodeIgniter.php(349): CodeIgniter\CodeIgniter->handleRequest(null, Object(Config\Cache), false)
10 FCPATH\index.php(67): CodeIgniter\CodeIgniter->run()
ERROR - 2023-01-31 10:21:36 --> Error connecting to the database: mysqli_sql_exception: Unknown database 'db_masjid' in C:\xampp\htdocs\uasweb\system\Database\MySQLi\Connection.php:171
Stack trace:
#0 C:\xampp\htdocs\uasweb\system\Database\MySQLi\Connection.php(171): mysqli->real_connect('localhost', 'root', '', 'db_masjid', 3306, '', 0)
#1 C:\xampp\htdocs\uasweb\system\Database\BaseConnection.php(382): CodeIgniter\Database\MySQLi\Connection->connect(false)
#2 C:\xampp\htdocs\uasweb\system\Database\BaseConnection.php(561): CodeIgniter\Database\BaseConnection->initialize()
#3 C:\xampp\htdocs\uasweb\system\Database\BaseBuilder.php(1585): CodeIgniter\Database\BaseConnection->query('SELECT *\nFROM `...', Array, false)
#4 C:\xampp\htdocs\uasweb\system\Model.php(267): CodeIgniter\Database\BaseBuilder->get()
#5 C:\xampp\htdocs\uasweb\system\BaseModel.php(624): CodeIgniter\Model->doFirst()
#6 C:\xampp\htdocs\uasweb\app\Models\User_model.php(20): CodeIgniter\BaseModel->first()
#7 C:\xampp\htdocs\uasweb\app\Controllers\Home.php(25): App\Models\User_model->login(NULL, 'd41d8cd98f00b20...')
#8 C:\xampp\htdocs\uasweb\system\CodeIgniter.php(925): App\Controllers\Home->login()
#9 C:\xampp\htdocs\uasweb\system\CodeIgniter.php(480): CodeIgniter\CodeIgniter->runController(Object(App\Controllers\Home))
#10 C:\xampp\htdocs\uasweb\system\CodeIgniter.php(349): CodeIgniter\CodeIgniter->handleRequest(NULL, Object(Config\Cache), false)
#11 C:\xampp\htdocs\uasweb\index.php(67): CodeIgniter\CodeIgniter->run()
#12 {main}

Next CodeIgniter\Database\Exceptions\DatabaseException: Unknown database 'db_masjid' in C:\xampp\htdocs\uasweb\system\Database\MySQLi\Connection.php:215
Stack trace:
#0 C:\xampp\htdocs\uasweb\system\Database\BaseConnection.php(382): CodeIgniter\Database\MySQLi\Connection->connect(false)
#1 C:\xampp\htdocs\uasweb\system\Database\BaseConnection.php(561): CodeIgniter\Database\BaseConnection->initialize()
#2 C:\xampp\htdocs\uasweb\system\Database\BaseBuilder.php(1585): CodeIgniter\Database\BaseConnection->query('SELECT *\nFROM `...', Array, false)
#3 C:\xampp\htdocs\uasweb\system\Model.php(267): CodeIgniter\Database\BaseBuilder->get()
#4 C:\xampp\htdocs\uasweb\system\BaseModel.php(624): CodeIgniter\Model->doFirst()
#5 C:\xampp\htdocs\uasweb\app\Models\User_model.php(20): CodeIgniter\BaseModel->first()
#6 C:\xampp\htdocs\uasweb\app\Controllers\Home.php(25): App\Models\User_model->login(NULL, 'd41d8cd98f00b20...')
#7 C:\xampp\htdocs\uasweb\system\CodeIgniter.php(925): App\Controllers\Home->login()
#8 C:\xampp\htdocs\uasweb\system\CodeIgniter.php(480): CodeIgniter\CodeIgniter->runController(Object(App\Controllers\Home))
#9 C:\xampp\htdocs\uasweb\system\CodeIgniter.php(349): CodeIgniter\CodeIgniter->handleRequest(NULL, Object(Config\Cache), false)
#10 C:\xampp\htdocs\uasweb\index.php(67): CodeIgniter\CodeIgniter->run()
#11 {main}
CRITICAL - 2023-01-31 10:21:36 --> Unable to connect to the database.
Main connection [MySQLi]: Unknown database 'db_masjid'
in SYSTEMPATH\Database\BaseConnection.php on line 418.
 1 SYSTEMPATH\Database\BaseConnection.php(561): CodeIgniter\Database\BaseConnection->initialize()
 2 SYSTEMPATH\Database\BaseBuilder.php(1585): CodeIgniter\Database\BaseConnection->query('SELECT *
FROM `tab_user`
WHERE `username` IS NULL
AND `password` = :password:
 LIMIT 1', [...], false)
 3 SYSTEMPATH\Model.php(267): CodeIgniter\Database\BaseBuilder->get()
 4 SYSTEMPATH\BaseModel.php(624): CodeIgniter\Model->doFirst()
 5 APPPATH\Models\User_model.php(20): CodeIgniter\BaseModel->first()
 6 APPPATH\Controllers\Home.php(25): App\Models\User_model->login(null, 'd41d8cd98f00b204e9800998ecf8427e')
 7 SYSTEMPATH\CodeIgniter.php(925): App\Controllers\Home->login()
 8 SYSTEMPATH\CodeIgniter.php(480): CodeIgniter\CodeIgniter->runController(Object(App\Controllers\Home))
 9 SYSTEMPATH\CodeIgniter.php(349): CodeIgniter\CodeIgniter->handleRequest(null, Object(Config\Cache), false)
10 FCPATH\index.php(67): CodeIgniter\CodeIgniter->run()
ERROR - 2023-01-31 10:21:39 --> Error connecting to the database: mysqli_sql_exception: Unknown database 'db_masjid' in C:\xampp\htdocs\uasweb\system\Database\MySQLi\Connection.php:171
Stack trace:
#0 C:\xampp\htdocs\uasweb\system\Database\MySQLi\Connection.php(171): mysqli->real_connect('localhost', 'root', '', 'db_masjid', 3306, '', 0)
#1 C:\xampp\htdocs\uasweb\system\Database\BaseConnection.php(382): CodeIgniter\Database\MySQLi\Connection->connect(false)
#2 C:\xampp\htdocs\uasweb\system\Database\BaseConnection.php(561): CodeIgniter\Database\BaseConnection->initialize()
#3 C:\xampp\htdocs\uasweb\system\Database\BaseBuilder.php(1585): CodeIgniter\Database\BaseConnection->query('SELECT *\nFROM `...', Array, false)
#4 C:\xampp\htdocs\uasweb\system\Model.php(267): CodeIgniter\Database\BaseBuilder->get()
#5 C:\xampp\htdocs\uasweb\system\BaseModel.php(624): CodeIgniter\Model->doFirst()
#6 C:\xampp\htdocs\uasweb\app\Models\User_model.php(20): CodeIgniter\BaseModel->first()
#7 C:\xampp\htdocs\uasweb\app\Controllers\Home.php(25): App\Models\User_model->login(NULL, 'd41d8cd98f00b20...')
#8 C:\xampp\htdocs\uasweb\system\CodeIgniter.php(925): App\Controllers\Home->login()
#9 C:\xampp\htdocs\uasweb\system\CodeIgniter.php(480): CodeIgniter\CodeIgniter->runController(Object(App\Controllers\Home))
#10 C:\xampp\htdocs\uasweb\system\CodeIgniter.php(349): CodeIgniter\CodeIgniter->handleRequest(NULL, Object(Config\Cache), false)
#11 C:\xampp\htdocs\uasweb\index.php(67): CodeIgniter\CodeIgniter->run()
#12 {main}

Next CodeIgniter\Database\Exceptions\DatabaseException: Unknown database 'db_masjid' in C:\xampp\htdocs\uasweb\system\Database\MySQLi\Connection.php:215
Stack trace:
#0 C:\xampp\htdocs\uasweb\system\Database\BaseConnection.php(382): CodeIgniter\Database\MySQLi\Connection->connect(false)
#1 C:\xampp\htdocs\uasweb\system\Database\BaseConnection.php(561): CodeIgniter\Database\BaseConnection->initialize()
#2 C:\xampp\htdocs\uasweb\system\Database\BaseBuilder.php(1585): CodeIgniter\Database\BaseConnection->query('SELECT *\nFROM `...', Array, false)
#3 C:\xampp\htdocs\uasweb\system\Model.php(267): CodeIgniter\Database\BaseBuilder->get()
#4 C:\xampp\htdocs\uasweb\system\BaseModel.php(624): CodeIgniter\Model->doFirst()
#5 C:\xampp\htdocs\uasweb\app\Models\User_model.php(20): CodeIgniter\BaseModel->first()
#6 C:\xampp\htdocs\uasweb\app\Controllers\Home.php(25): App\Models\User_model->login(NULL, 'd41d8cd98f00b20...')
#7 C:\xampp\htdocs\uasweb\system\CodeIgniter.php(925): App\Controllers\Home->login()
#8 C:\xampp\htdocs\uasweb\system\CodeIgniter.php(480): CodeIgniter\CodeIgniter->runController(Object(App\Controllers\Home))
#9 C:\xampp\htdocs\uasweb\system\CodeIgniter.php(349): CodeIgniter\CodeIgniter->handleRequest(NULL, Object(Config\Cache), false)
#10 C:\xampp\htdocs\uasweb\index.php(67): CodeIgniter\CodeIgniter->run()
#11 {main}
CRITICAL - 2023-01-31 10:21:39 --> Unable to connect to the database.
Main connection [MySQLi]: Unknown database 'db_masjid'
in SYSTEMPATH\Database\BaseConnection.php on line 418.
 1 SYSTEMPATH\Database\BaseConnection.php(561): CodeIgniter\Database\BaseConnection->initialize()
 2 SYSTEMPATH\Database\BaseBuilder.php(1585): CodeIgniter\Database\BaseConnection->query('SELECT *
FROM `tab_user`
WHERE `username` IS NULL
AND `password` = :password:
 LIMIT 1', [...], false)
 3 SYSTEMPATH\Model.php(267): CodeIgniter\Database\BaseBuilder->get()
 4 SYSTEMPATH\BaseModel.php(624): CodeIgniter\Model->doFirst()
 5 APPPATH\Models\User_model.php(20): CodeIgniter\BaseModel->first()
 6 APPPATH\Controllers\Home.php(25): App\Models\User_model->login(null, 'd41d8cd98f00b204e9800998ecf8427e')
 7 SYSTEMPATH\CodeIgniter.php(925): App\Controllers\Home->login()
 8 SYSTEMPATH\CodeIgniter.php(480): CodeIgniter\CodeIgniter->runController(Object(App\Controllers\Home))
 9 SYSTEMPATH\CodeIgniter.php(349): CodeIgniter\CodeIgniter->handleRequest(null, Object(Config\Cache), false)
10 FCPATH\index.php(67): CodeIgniter\CodeIgniter->run()
ERROR - 2023-01-31 10:22:11 --> Error connecting to the database: mysqli_sql_exception: Unknown database 'db_masjid' in C:\xampp\htdocs\uasweb\system\Database\MySQLi\Connection.php:171
Stack trace:
#0 C:\xampp\htdocs\uasweb\system\Database\MySQLi\Connection.php(171): mysqli->real_connect('localhost', 'root', '', 'db_masjid', 3306, '', 0)
#1 C:\xampp\htdocs\uasweb\system\Database\BaseConnection.php(382): CodeIgniter\Database\MySQLi\Connection->connect(false)
#2 C:\xampp\htdocs\uasweb\system\Database\BaseConnection.php(561): CodeIgniter\Database\BaseConnection->initialize()
#3 C:\xampp\htdocs\uasweb\system\Database\BaseBuilder.php(1585): CodeIgniter\Database\BaseConnection->query('SELECT *\nFROM `...', Array, false)
#4 C:\xampp\htdocs\uasweb\system\Model.php(267): CodeIgniter\Database\BaseBuilder->get()
#5 C:\xampp\htdocs\uasweb\system\BaseModel.php(624): CodeIgniter\Model->doFirst()
#6 C:\xampp\htdocs\uasweb\app\Models\User_model.php(20): CodeIgniter\BaseModel->first()
#7 C:\xampp\htdocs\uasweb\app\Controllers\Home.php(25): App\Models\User_model->login('admin', '21232f297a57a5a...')
#8 C:\xampp\htdocs\uasweb\system\CodeIgniter.php(925): App\Controllers\Home->login()
#9 C:\xampp\htdocs\uasweb\system\CodeIgniter.php(480): CodeIgniter\CodeIgniter->runController(Object(App\Controllers\Home))
#10 C:\xampp\htdocs\uasweb\system\CodeIgniter.php(349): CodeIgniter\CodeIgniter->handleRequest(NULL, Object(Config\Cache), false)
#11 C:\xampp\htdocs\uasweb\index.php(67): CodeIgniter\CodeIgniter->run()
#12 {main}

Next CodeIgniter\Database\Exceptions\DatabaseException: Unknown database 'db_masjid' in C:\xampp\htdocs\uasweb\system\Database\MySQLi\Connection.php:215
Stack trace:
#0 C:\xampp\htdocs\uasweb\system\Database\BaseConnection.php(382): CodeIgniter\Database\MySQLi\Connection->connect(false)
#1 C:\xampp\htdocs\uasweb\system\Database\BaseConnection.php(561): CodeIgniter\Database\BaseConnection->initialize()
#2 C:\xampp\htdocs\uasweb\system\Database\BaseBuilder.php(1585): CodeIgniter\Database\BaseConnection->query('SELECT *\nFROM `...', Array, false)
#3 C:\xampp\htdocs\uasweb\system\Model.php(267): CodeIgniter\Database\BaseBuilder->get()
#4 C:\xampp\htdocs\uasweb\system\BaseModel.php(624): CodeIgniter\Model->doFirst()
#5 C:\xampp\htdocs\uasweb\app\Models\User_model.php(20): CodeIgniter\BaseModel->first()
#6 C:\xampp\htdocs\uasweb\app\Controllers\Home.php(25): App\Models\User_model->login('admin', '21232f297a57a5a...')
#7 C:\xampp\htdocs\uasweb\system\CodeIgniter.php(925): App\Controllers\Home->login()
#8 C:\xampp\htdocs\uasweb\system\CodeIgniter.php(480): CodeIgniter\CodeIgniter->runController(Object(App\Controllers\Home))
#9 C:\xampp\htdocs\uasweb\system\CodeIgniter.php(349): CodeIgniter\CodeIgniter->handleRequest(NULL, Object(Config\Cache), false)
#10 C:\xampp\htdocs\uasweb\index.php(67): CodeIgniter\CodeIgniter->run()
#11 {main}
CRITICAL - 2023-01-31 10:22:11 --> Unable to connect to the database.
Main connection [MySQLi]: Unknown database 'db_masjid'
in SYSTEMPATH\Database\BaseConnection.php on line 418.
 1 SYSTEMPATH\Database\BaseConnection.php(561): CodeIgniter\Database\BaseConnection->initialize()
 2 SYSTEMPATH\Database\BaseBuilder.php(1585): CodeIgniter\Database\BaseConnection->query('SELECT *
FROM `tab_user`
WHERE `username` = :username:
AND `password` = :password:
 LIMIT 1', [...], false)
 3 SYSTEMPATH\Model.php(267): CodeIgniter\Database\BaseBuilder->get()
 4 SYSTEMPATH\BaseModel.php(624): CodeIgniter\Model->doFirst()
 5 APPPATH\Models\User_model.php(20): CodeIgniter\BaseModel->first()
 6 APPPATH\Controllers\Home.php(25): App\Models\User_model->login('admin', '21232f297a57a5a743894a0e4a801fc3')
 7 SYSTEMPATH\CodeIgniter.php(925): App\Controllers\Home->login()
 8 SYSTEMPATH\CodeIgniter.php(480): CodeIgniter\CodeIgniter->runController(Object(App\Controllers\Home))
 9 SYSTEMPATH\CodeIgniter.php(349): CodeIgniter\CodeIgniter->handleRequest(null, Object(Config\Cache), false)
10 FCPATH\index.php(67): CodeIgniter\CodeIgniter->run()
